TN:
SF:src\config\firebase.ts
FN:10,(anonymous_1)
FNF:1
FNH:0
FNDA:0,(anonymous_1)
DA:1,0
DA:2,0
DA:3,0
DA:4,0
DA:5,0
DA:6,0
DA:10,0
DA:11,0
DA:14,0
DA:24,0
DA:28,0
DA:31,0
DA:34,0
DA:37,0
DA:39,0
LF:15
LH:0
BRDA:11,0,0,0
BRDA:11,0,1,0
BRF:2
BRH:0
end_of_record
TN:
SF:src\hooks\use-color-scheme.ts
FN:1,(anonymous_0)
FNF:1
FNH:0
FNDA:0,(anonymous_0)
DA:1,0
LF:1
LH:0
BRF:0
BRH:0
end_of_record
TN:
SF:src\hooks\use-color-scheme.web.ts
FN:7,useColorScheme
FN:10,(anonymous_1)
FNF:2
FNH:0
FNDA:0,useColorScheme
FNDA:0,(anonymous_1)
DA:1,0
DA:2,0
DA:7,0
DA:8,0
DA:10,0
DA:11,0
DA:14,0
DA:16,0
DA:17,0
DA:20,0
LF:10
LH:0
BRDA:16,0,0,0
BRDA:16,0,1,0
BRF:2
BRH:0
end_of_record
TN:
SF:src\hooks\use-theme-color.ts
FN:9,useThemeColor
FNF:1
FNH:0
FNDA:0,useThemeColor
DA:6,0
DA:7,0
DA:9,0
DA:13,0
DA:14,0
DA:16,0
DA:17,0
DA:19,0
LF:8
LH:0
BRDA:13,0,0,0
BRDA:13,0,1,0
BRDA:16,1,0,0
BRDA:16,1,1,0
BRF:4
BRH:0
end_of_record
TN:
SF:src\services\auth.service.ts
FN:28,signUp
FN:44,signIn
FN:57,logOut
FN:70,getCurrentUser
FN:79,onAuthStateChange
FN:90,updateUserProfile
FN:114,sendPasswordReset
FN:128,changeEmail
FN:150,changePassword
FN:172,reauthenticate
FN:192,getAuthErrorMessage
FNF:11
FNH:9
FNDA:4,signUp
FNDA:6,signIn
FNDA:2,logOut
FNDA:2,getCurrentUser
FNDA:1,onAuthStateChange
FNDA:3,updateUserProfile
FNDA:3,sendPasswordReset
FNDA:0,changeEmail
FNDA:0,changePassword
FNDA:3,reauthenticate
FNDA:10,getAuthErrorMessage
DA:6,1
DA:7,1
DA:28,1
DA:29,4
DA:30,4
DA:31,1
DA:33,3
DA:34,3
DA:44,1
DA:45,6
DA:46,6
DA:47,1
DA:49,5
DA:50,5
DA:57,1
DA:58,2
DA:59,2
DA:61,1
DA:62,1
DA:70,1
DA:71,2
DA:79,1
DA:82,1
DA:90,1
DA:94,3
DA:95,3
DA:96,1
DA:99,2
DA:100,2
DA:105,1
DA:106,1
DA:114,1
DA:115,3
DA:116,3
DA:118,2
DA:119,2
DA:128,1
DA:129,0
DA:130,0
DA:131,0
DA:134,0
DA:135,0
DA:137,0
DA:138,0
DA:139,0
DA:141,0
DA:150,1
DA:151,0
DA:152,0
DA:153,0
DA:156,0
DA:157,0
DA:159,0
DA:160,0
DA:161,0
DA:163,0
DA:172,1
DA:173,3
DA:174,3
DA:175,1
DA:178,2
DA:179,2
DA:180,2
DA:182,1
DA:183,1
DA:193,10
DA:195,1
DA:197,2
DA:199,0
DA:201,1
DA:203,0
DA:205,2
DA:207,1
DA:209,0
DA:211,1
DA:213,1
DA:215,1
LF:77
LH:56
BRDA:95,0,0,1
BRDA:95,0,1,2
BRDA:101,1,0,2
BRDA:101,1,1,0
BRDA:102,2,0,2
BRDA:102,2,1,1
BRDA:130,3,0,0
BRDA:130,3,1,0
BRDA:138,4,0,0
BRDA:138,4,1,0
BRDA:152,5,0,0
BRDA:152,5,1,0
BRDA:160,6,0,0
BRDA:160,6,1,0
BRDA:174,7,0,1
BRDA:174,7,1,2
BRDA:174,8,0,3
BRDA:174,8,1,2
BRDA:193,9,0,1
BRDA:193,9,1,2
BRDA:193,9,2,0
BRDA:193,9,3,1
BRDA:193,9,4,0
BRDA:193,9,5,2
BRDA:193,9,6,1
BRDA:193,9,7,0
BRDA:193,9,8,1
BRDA:193,9,9,1
BRDA:193,9,10,1
BRF:29
BRH:17
end_of_record
